<?xml version="1.0" encoding="UTF-8"?>
<testsuite xmlns:xsi="http://www.w3.org/2001/XMLSchema-instance" xsi:schemaLocation="https://maven.apache.org/surefire/maven-surefire-plugin/xsd/surefire-test-report.xsd" name="io.helidon.examples.quickstart.mp.MainTest" time="0.335" tests="1" errors="1" skipped="0" failures="0">
  <properties>
    <property name="os.detected.version" value="10.0"/>
    <property name="java.runtime.name" value="Java(TM) SE Runtime Environment"/>
    <property name="sun.boot.library.path" value="C:\Users\ecastaneda1\apps\JDK8\jre\bin"/>
    <property name="java.vm.version" value="25.112-b15"/>
    <property name="java.vm.vendor" value="Oracle Corporation"/>
    <property name="maven.multiModuleProjectDirectory" value="C:\Users\ecastaneda1\repos\GITLAB\PERSONAL\helidon-poc\quickstart-mp"/>
    <property name="java.vendor.url" value="http://java.oracle.com/"/>
    <property name="os.detected.version.minor" value="0"/>
    <property name="path.separator" value=";"/>
    <property name="guice.disable.misplaced.annotation.check" value="true"/>
    <property name="java.vm.name" value="Java HotSpot(TM) 64-Bit Server VM"/>
    <property name="file.encoding.pkg" value="sun.io"/>
    <property name="user.script" value=""/>
    <property name="user.country" value="US"/>
    <property name="sun.java.launcher" value="SUN_STANDARD"/>
    <property name="sun.os.patch.level" value=""/>
    <property name="java.vm.specification.name" value="Java Virtual Machine Specification"/>
    <property name="user.dir" value="C:\Users\ecastaneda1\repos\GITLAB\PERSONAL\helidon-poc\quickstart-mp"/>
    <property name="java.runtime.version" value="1.8.0_112-b15"/>
    <property name="java.awt.graphicsenv" value="sun.awt.Win32GraphicsEnvironment"/>
    <property name="java.endorsed.dirs" value="C:\Users\ecastaneda1\apps\JDK8\jre\lib\endorsed"/>
    <property name="os.arch" value="amd64"/>
    <property name="java.io.tmpdir" value="C:\Users\ECASTA~1\AppData\Local\Temp\"/>
    <property name="line.separator" value="&#10;"/>
    <property name="java.vm.specification.vendor" value="Oracle Corporation"/>
    <property name="user.variant" value=""/>
    <property name="os.detected.version.major" value="10"/>
    <property name="os.name" value="Windows 10"/>
    <property name="os.detected.classifier" value="windows-x86_64"/>
    <property name="classworlds.conf" value="C:\Users\ecastaneda1\eclipse-jee-2019-09-R-win32-x86_64-workspace\.metadata\.plugins\org.eclipse.m2e.launching\launches\m2conf6237150549097804401.tmp"/>
    <property name="sun.jnu.encoding" value="Cp1252"/>
    <property name="java.library.path" value="C:\Users\ecastaneda1\apps\JDK8\bin;C:\WINDOWS\Sun\Java\bin;C:\WINDOWS\system32;C:\WINDOWS;C:/Users/ecastaneda1/apps/JDK8/bin/../jre/bin/server;C:/Users/ecastaneda1/apps/JDK8/bin/../jre/bin;C:/Users/ecastaneda1/apps/JDK8/bin/../jre/lib/amd64;C:\Program Files\Docker\Docker\Resources\bin;C:\Users\ecastaneda1\apps\JDK8\bin\;C:\app\client\ecastaneda1\product\12.1.0\client_1;C:\app\client\ecastaneda1\product\12.1.0\client_1\bin;C:\Users\ecastaneda1\apps\oracle\client\ecastaneda1\product\12.1.0\client_1\bin;C:\ProgramData\Oracle\Java\javapath;C:\WINDOWS\system32;C:\WINDOWS;C:\WINDOWS\System32\Wbem;C:\WINDOWS\System32\WindowsPowerShell\v1.0\;C:\Windows\CCM;C:\WINDOWS\system32\config\systemprofile\.dnx\bin;C:\Program Files\Microsoft DNX\Dnvm\;C:\Program Files (x86)\Windows Kits\8.1\Windows Performance Toolkit\;C:\Program Files\Microsoft SQL Server\120\Tools\Binn\;C:\Program Files\Microsoft SQL Server\130\Tools\Binn\;C:\Program Files (x86)\Microsoft Emulator Manager\1.0\;C:\Users\ecastaneda1\apps\oracle;C:\Users\ecastaneda1\apps\nodejs\;C:\Program Files\TortoiseSVN\bin;C:\Users\ecastaneda1\apps\sbt\bin;C:\Users\ecastaneda1\apps\Dev-Cpp\MinGW64;C:\Program Files (x86)\Microsoft VS Code\bin;C:\Users\ecastaneda1\apps\go\bin;C:\ProgramData\chocolatey\bin;C:\Users\ecastaneda1\apps\CodeBlocks\MinGW\bin;C:\Users\ecastaneda1\AppData\Local\Programs\Python\Python36-32\;C:\Users\ecastaneda1\apps\JDK8\bin\;C:\Users\ecastaneda1\AppData\Local\Microsoft\WindowsApps;C:\Users\ecastaneda1\apps\svn-win32-1.8.16\bin;C:\Users\ecastaneda1\apps\node-v6.9.5-win-x64;C:\Users\ecastaneda1\apps\gradle-3.2\bin;C:\Users\ecastaneda1\apps\oracle\client\ecastaneda1\product\12.1.0\client_1\bin;C:\Users\ecastaneda1\apps\Git\bin;C:\Users\ecastaneda1\AppData\Roaming\npm;C:\Program Files (x86)\Microsoft VS Code\bin;C:\Users\ecastaneda1\apps\apache-ant-1.10.1\bin;C:\Users\ecastaneda1\apps\apache-maven-3.6.1\bin;C:\Users\ecastaneda1\go\bin;;C:\Users\ecastaneda1\apps\eclipse-jee-2019-09-R-win32-x86_64;;."/>
    <property name="os.detected.arch" value="x86_64"/>
    <property name="java.specification.name" value="Java Platform API Specification"/>
    <property name="java.class.version" value="52.0"/>
    <property name="sun.management.compiler" value="HotSpot 64-Bit Tiered Compilers"/>
    <property name="os.detected.name" value="windows"/>
    <property name="os.version" value="10.0"/>
    <property name="user.home" value="C:\Users\ecastaneda1"/>
    <property name="user.timezone" value="Europe/Berlin"/>
    <property name="java.awt.printerjob" value="sun.awt.windows.WPrinterJob"/>
    <property name="java.specification.version" value="1.8"/>
    <property name="file.encoding" value="Cp1252"/>
    <property name="user.name" value="ecastaneda1"/>
    <property name="java.class.path" value="C:\Users\ecastaneda1\apps\eclipse-jee-2019-09-R-win32-x86_64\plugins\org.eclipse.m2e.maven.runtime_1.13.0.20190716-1623\jars\plexus-classworlds-2.6.0.jar"/>
    <property name="java.vm.specification.version" value="1.8"/>
    <property name="sun.arch.data.model" value="64"/>
    <property name="java.home" value="C:\Users\ecastaneda1\apps\JDK8\jre"/>
    <property name="sun.java.command" value="org.codehaus.plexus.classworlds.launcher.Launcher -B test"/>
    <property name="java.specification.vendor" value="Oracle Corporation"/>
    <property name="user.language" value="en"/>
    <property name="awt.toolkit" value="sun.awt.windows.WToolkit"/>
    <property name="java.vm.info" value="mixed mode"/>
    <property name="java.version" value="1.8.0_112"/>
    <property name="java.ext.dirs" value="C:\Users\ecastaneda1\apps\JDK8\jre\lib\ext;C:\WINDOWS\Sun\Java\lib\ext"/>
    <property name="sun.boot.class.path" value="C:\Users\ecastaneda1\apps\JDK8\jre\lib\resources.jar;C:\Users\ecastaneda1\apps\JDK8\jre\lib\rt.jar;C:\Users\ecastaneda1\apps\JDK8\jre\lib\sunrsasign.jar;C:\Users\ecastaneda1\apps\JDK8\jre\lib\jsse.jar;C:\Users\ecastaneda1\apps\JDK8\jre\lib\jce.jar;C:\Users\ecastaneda1\apps\JDK8\jre\lib\charsets.jar;C:\Users\ecastaneda1\apps\JDK8\jre\lib\jfr.jar;C:\Users\ecastaneda1\apps\JDK8\jre\classes"/>
    <property name="java.vendor" value="Oracle Corporation"/>
    <property name="maven.home" value="C:\Users\ecastaneda1\repos\GITLAB\PERSONAL\helidon-poc\quickstart-mp\EMBEDDED"/>
    <property name="file.separator" value="\"/>
    <property name="java.vendor.url.bug" value="http://bugreport.sun.com/bugreport/"/>
    <property name="sun.cpu.endian" value="little"/>
    <property name="sun.io.unicode.encoding" value="UnicodeLittle"/>
    <property name="sun.desktop" value="windows"/>
    <property name="sun.cpu.isalist" value="amd64"/>
  </properties>
  <testcase name="io.helidon.examples.quickstart.mp.MainTest" classname="io.helidon.examples.quickstart.mp.MainTest" time="0.334">
    <error message="Cannot load data from mandatory source UrlConfig[file:/C:/Users/ecastaneda1/repos/GITLAB/PERSONAL/helidon-poc/quickstart-mp/target/test-classes/META-INF/microprofile-config.properties]. Configuration at url &apos;file:/C:/Users/ecastaneda1/repos/GITLAB/PERSONAL/helidon-poc/quickstart-mp/target/test-classes/META-INF/microprofile-config.properties&apos; GET is not accessible." type="io.helidon.config.ConfigException"><![CDATA[io.helidon.config.ConfigException: Cannot load data from mandatory source UrlConfig[file:/C:/Users/ecastaneda1/repos/GITLAB/PERSONAL/helidon-poc/quickstart-mp/target/test-classes/META-INF/microprofile-config.properties]. Configuration at url 'file:/C:/Users/ecastaneda1/repos/GITLAB/PERSONAL/helidon-poc/quickstart-mp/target/test-classes/META-INF/microprofile-config.properties' GET is not accessible.
	at io.helidon.examples.quickstart.mp.MainTest.startTheServer(MainTest.java:39)
Caused by: io.helidon.config.ConfigException: Configuration at url 'file:/C:/Users/ecastaneda1/repos/GITLAB/PERSONAL/helidon-poc/quickstart-mp/target/test-classes/META-INF/microprofile-config.properties' GET is not accessible.
	at io.helidon.examples.quickstart.mp.MainTest.startTheServer(MainTest.java:39)
Caused by: java.nio.file.InvalidPathException: Illegal char <:> at index 2: /C:/Users/ecastaneda1/repos/GITLAB/PERSONAL/helidon-poc/quickstart-mp/target/test-classes/META-INF/microprofile-config.properties
	at io.helidon.examples.quickstart.mp.MainTest.startTheServer(MainTest.java:39)
]]></error>
  </testcase>
</testsuite>